<?xml version="1.0" encoding="UTF-8"?>
<testng-results ignored="0" total="1" passed="1" failed="0" skipped="0">
  <reporter-output>
  </reporter-output>
  <suite started-at="2026-08-06T14:34:47 IST" name="Default suite" finished-at="2026-08-06T14:35:05 IST" duration-ms="18002">
    <groups>
    </groups>
    <test started-at="2026-08-06T14:34:47 IST" name="Default test" finished-at="2026-08-06T14:35:05 IST" duration-ms="18002">
      <class name="crm.organization.OrgTest">
        <test-method is-config="true" signature="repConfig()[pri:0, instance:crm.organization.OrgTest@5e5d171f]" started-at="2026-08-06T14:34:46 IST" name="repConfig" finished-at="2026-08-06T14:34:47 IST" duration-ms="11" status="PASS">
          <reporter-output>
          </reporter-output>
        </test-method> <!-- repConfig -->
        <test-method is-config="true" signature="setUp()[pri:0, instance:crm.organization.OrgTest@5e5d171f]" started-at="2026-08-06T14:34:47 IST" name="setUp" finished-at="2026-08-06T14:34:54 IST" duration-ms="7349" status="PASS">
          <reporter-output>
          </reporter-output>
        </test-method> <!-- setUp -->
        <test-method is-config="true" signature="login()[pri:0, instance:crm.organization.OrgTest@5e5d171f]" started-at="2026-08-06T14:34:54 IST" name="login" finished-at="2026-08-06T14:34:57 IST" duration-ms="2935" status="PASS">
          <reporter-output>
          </reporter-output>
        </test-method> <!-- login -->
        <test-method signature="createOrgTest()[pri:0, instance:crm.organization.OrgTest@5e5d171f]" started-at="2026-08-06T14:34:57 IST" name="createOrgTest" finished-at="2026-08-06T14:35:03 IST" duration-ms="6259" status="PASS">
          <reporter-output>
          </reporter-output>
        </test-method> <!-- createOrgTest -->
        <test-method is-config="true" signature="logout()[pri:0, instance:crm.organization.OrgTest@5e5d171f]" started-at="2026-08-06T14:35:03 IST" name="logout" finished-at="2026-08-06T14:35:04 IST" duration-ms="1122" status="PASS">
          <reporter-output>
          </reporter-output>
        </test-method> <!-- logout -->
        <test-method is-config="true" signature="tearDown()[pri:0, instance:crm.organization.OrgTest@5e5d171f]" started-at="2026-08-06T14:35:04 IST" name="tearDown" finished-at="2026-08-06T14:35:05 IST" duration-ms="249" status="PASS">
          <reporter-output>
          </reporter-output>
        </test-method> <!-- tearDown -->
        <test-method is-config="true" signature="repBackup()[pri:0, instance:crm.organization.OrgTest@5e5d171f]" started-at="2026-08-06T14:35:05 IST" name="repBackup" finished-at="2026-08-06T14:35:05 IST" duration-ms="0" status="PASS">
          <reporter-output>
          </reporter-output>
        </test-method> <!-- repBackup -->
      </class> <!-- crm.organization.OrgTest -->
    </test> <!-- Default test -->
  </suite> <!-- Default suite -->
</testng-results>
