<?xml version="1.0" encoding="UTF-8"?>
<testng-results ignored="0" total="1" passed="1" failed="0" skipped="0">
  <reporter-output>
  </reporter-output>
  <suite started-at="2026-08-03T14:09:34 IST" name="Default suite" finished-at="2026-08-03T14:09:34 IST" duration-ms="97">
    <groups>
    </groups>
    <test started-at="2026-08-03T14:09:34 IST" name="Default test" finished-at="2026-08-03T14:09:34 IST" duration-ms="97">
      <class name="learning_baseclass.OrgTest">
        <test-method is-config="true" signature="setUp()[pri:0, instance:learning_baseclass.OrgTest@3d285d7e]" started-at="2026-08-03T14:09:34 IST" name="setUp" finished-at="2026-08-03T14:09:34 IST" duration-ms="15" status="PASS">
          <reporter-output>
          </reporter-output>
        </test-method> <!-- setUp -->
        <test-method is-config="true" signature="login()[pri:0, instance:learning_baseclass.OrgTest@3d285d7e]" started-at="2026-08-03T14:09:34 IST" name="login" finished-at="2026-08-03T14:09:34 IST" duration-ms="0" status="PASS">
          <reporter-output>
          </reporter-output>
        </test-method> <!-- login -->
        <test-method signature="createOrg()[pri:0, instance:learning_baseclass.OrgTest@3d285d7e]" started-at="2026-08-03T14:09:34 IST" name="createOrg" finished-at="2026-08-03T14:09:34 IST" duration-ms="11" status="PASS">
          <reporter-output>
          </reporter-output>
        </test-method> <!-- createOrg -->
        <test-method is-config="true" signature="logout()[pri:0, instance:learning_baseclass.OrgTest@3d285d7e]" started-at="2026-08-03T14:09:34 IST" name="logout" finished-at="2026-08-03T14:09:34 IST" duration-ms="1" status="PASS">
          <reporter-output>
          </reporter-output>
        </test-method> <!-- logout -->
        <test-method is-config="true" signature="tearDown()[pri:0, instance:learning_baseclass.OrgTest@3d285d7e]" started-at="2026-08-03T14:09:34 IST" name="tearDown" finished-at="2026-08-03T14:09:34 IST" duration-ms="3" status="PASS">
          <reporter-output>
          </reporter-output>
        </test-method> <!-- tearDown -->
      </class> <!-- learning_baseclass.OrgTest -->
    </test> <!-- Default test -->
  </suite> <!-- Default suite -->
</testng-results>
