<?xml version="1.0" encoding="UTF-8"?>
<!-- Generated by org.testng.reporters.JUnitReportReporter -->
<testsuite hostname="TYSS-Piyush-Baldaniya" failures="0" tests="3" name="typesOfExecution.OrgTest" time="26.891" errors="0" timestamp="2026-07-31T14:27:33 IST" skipped="0">
  <testcase classname="typesOfExecution.OrgTest" name="case1" time="6.275"/>
  <testcase classname="typesOfExecution.OrgTest" name="case1" time="6.249"/>
  <testcase classname="typesOfExecution.OrgTest" name="case1" time="14.367"/>
</testsuite> <!-- typesOfExecution.OrgTest -->
