<?xml version="1.0" encoding="UTF-8"?>
<!-- Generated by org.testng.reporters.JUnitReportReporter -->
<testsuite hostname="TYSS-Piyush-Baldaniya" failures="0" tests="2" name="learning_baseclass.LeadsTest" time="0.017" errors="0" timestamp="2026-08-03T14:00:31 IST" skipped="0">
  <testcase classname="learning_baseclass.LeadsTest" name="deleteLead" time="0.005"/>
  <testcase classname="learning_baseclass.LeadsTest" name="createLead" time="0.012"/>
</testsuite> <!-- learning_baseclass.LeadsTest -->
