<?xml version="1.0" encoding="UTF-8"?>
<!-- Generated by org.testng.reporters.JUnitReportReporter -->
<testsuite hostname="TYSS-Piyush-Baldaniya" failures="0" tests="5" name="testng_extra.DemoICTest" time="48.774" errors="0" timestamp="2026-07-24T14:04:05 IST" skipped="0">
  <testcase classname="testng_extra.DemoICTest" name="setUp" time="9.800"/>
  <testcase classname="testng_extra.DemoICTest" name="setUp" time="9.785"/>
  <testcase classname="testng_extra.DemoICTest" name="setUp" time="9.714"/>
  <testcase classname="testng_extra.DemoICTest" name="setUp" time="9.751"/>
  <testcase classname="testng_extra.DemoICTest" name="setUp" time="9.724"/>
</testsuite> <!-- testng_extra.DemoICTest -->
